<?xml version="1.0" encoding="UTF-8"?>
<!-- Generated by org.testng.reporters.JUnitXMLReporter -->
<testsuite ignored="2" hostname="DESKTOP-CF3N48C" failures="0" tests="1" name="Test" time="12.394" errors="0" timestamp="02 Feb 2023 08:34:12 GMT">
  <testcase classname="com.NeoStox.TestCases.DashboardPageTest" name="ExpandAndCollapse" time="0.582"/>
  <testcase classname="com.Neostox.Base.BasePage" name="@AfterSuite openReport" time="0.0">
    <ignored/>
  </testcase> <!-- @AfterSuite openReport -->
  <testcase classname="com.Neostox.Base.BasePage" name="@AfterSuite openReport" time="0.0">
    <ignored/>
  </testcase> <!-- @AfterSuite openReport -->
</testsuite> <!-- Test -->
